\BOOKMARK [0][-]{section*.1}{\376\377\000D\000e\000c\000l\000a\000r\000a\000t\000i\000o\000n\000\040\000o\000f\000\040\000A\000u\000t\000h\000o\000r\000s\000h\000i\000p}{}% 1
\BOOKMARK [0][-]{section*.2}{\376\377\000A\000b\000s\000t\000r\000a\000c\000t}{}% 2
\BOOKMARK [0][-]{section*.3}{\376\377\000A\000c\000k\000n\000o\000w\000l\000e\000d\000g\000e\000m\000e\000n\000t\000s}{}% 3
\BOOKMARK [0][-]{chapter*.4}{\376\377\000L\000i\000s\000t\000\040\000o\000f\000\040\000F\000i\000g\000u\000r\000e\000s}{}% 4
\BOOKMARK [0][-]{chapter*.5}{\376\377\000L\000i\000s\000t\000\040\000o\000f\000\040\000T\000a\000b\000l\000e\000s}{}% 5
\BOOKMARK [0][-]{chapter*.6}{\376\377\000L\000i\000s\000t\000\040\000o\000f\000\040\000A\000b\000b\000r\000e\000v\000i\000a\000t\000i\000o\000n\000s}{}% 6
\BOOKMARK [0][-]{chapter.9}{\376\377\000I\000n\000t\000r\000o\000d\000u\000c\000t\000i\000o\000n}{}% 7
\BOOKMARK [1][-]{section.10}{\376\377\000C\000o\000n\000t\000e\000x\000t\000\040\000a\000n\000d\000\040\000M\000o\000t\000i\000v\000a\000t\000i\000o\000n}{chapter.9}% 8
\BOOKMARK [1][-]{section.11}{\376\377\000S\000c\000o\000p\000e\000\040\000a\000n\000d\000\040\000C\000h\000a\000l\000l\000e\000n\000g\000e\000s}{chapter.9}% 9
\BOOKMARK [2][-]{subsection.12}{\376\377\000P\000i\000x\000e\000l\000-\000w\000i\000s\000e\000\040\000s\000e\000m\000a\000n\000t\000i\000c\000\040\000s\000e\000g\000m\000e\000n\000t\000a\000t\000i\000o\000n}{section.11}% 10
\BOOKMARK [2][-]{subsection.13}{\376\377\000M\000o\000n\000o\000c\000u\000l\000a\000r\000\040\000d\000e\000p\000t\000h\000\040\000i\000n\000f\000e\000r\000e\000n\000c\000e}{section.11}% 11
\BOOKMARK [1][-]{section.14}{\376\377\000C\000o\000n\000t\000r\000i\000b\000u\000t\000i\000o\000n\000s}{chapter.9}% 12
\BOOKMARK [2][-]{subsection.15}{\376\377\000P\000e\000e\000r\000-\000r\000e\000v\000i\000e\000w\000\040\000p\000u\000b\000l\000i\000c\000a\000t\000i\000o\000n\000s}{section.14}% 13
\BOOKMARK [2][-]{subsection.16}{\376\377\000O\000p\000e\000n\000\040\000s\000o\000u\000r\000c\000e\000\040\000s\000o\000f\000t\000w\000a\000r\000e\000s\000\040\000/\000\040\000d\000a\000t\000a\000s\000e\000t\000s}{section.14}% 14
\BOOKMARK [1][-]{section.17}{\376\377\000O\000r\000g\000a\000n\000i\000z\000a\000t\000i\000o\000n}{chapter.9}% 15
\BOOKMARK [0][-]{chapter.18}{\376\377\000P\000r\000e\000l\000i\000m\000i\000n\000a\000r\000y}{}% 16
\BOOKMARK [1][-]{section.19}{\376\377\000P\000o\000l\000a\000r\000i\000m\000e\000t\000r\000y}{chapter.18}% 17
\BOOKMARK [2][-]{subsection.20}{\376\377\000G\000e\000n\000e\000r\000a\000l\000\040\000P\000r\000i\000n\000c\000i\000p\000l\000e\000s}{section.19}% 18
\BOOKMARK [2][-]{subsection.21}{\376\377\000A\000\040\000P\000a\000r\000t\000i\000c\000u\000l\000a\000r\000\040\000S\000e\000n\000s\000o\000r}{section.19}% 19
\BOOKMARK [2][-]{subsection.25}{\376\377\000E\000x\000p\000l\000o\000i\000t\000i\000n\000g\000\040\000t\000h\000e\000\040\000D\000a\000t\000a}{section.19}% 20
\BOOKMARK [2][-]{subsection.30}{\376\377\000S\000u\000m\000m\000a\000r\000y}{section.19}% 21
\BOOKMARK [1][-]{section.31}{\376\377\000D\000e\000e\000p\000\040\000L\000e\000a\000r\000n\000i\000n\000g}{chapter.18}% 22
\BOOKMARK [2][-]{subsection.32}{\376\377\000B\000a\000s\000i\000c\000s}{section.31}% 23
\BOOKMARK [3][-]{subsubsection.33}{\376\377\000D\000a\000t\000a}{subsection.32}% 24
\BOOKMARK [3][-]{subsubsection.35}{\376\377\000N\000e\000t\000w\000o\000r\000k}{subsection.32}% 25
\BOOKMARK [3][-]{subsubsection.36}{\376\377\000L\000o\000s\000s}{subsection.32}% 26
\BOOKMARK [2][-]{subsection.37}{\376\377\000S\000p\000e\000c\000i\000f\000i\000c\000\040\000n\000o\000t\000i\000o\000n\000s}{section.31}% 27
\BOOKMARK [3][-]{subsubsection.38}{\376\377\000P\000o\000o\000l\000i\000n\000g}{subsection.37}% 28
\BOOKMARK [3][-]{subsubsection.41}{\376\377\000A\000t\000r\000o\000u\000s\000\040\000S\000p\000a\000t\000i\000a\000l\000\040\000P\000y\000r\000a\000m\000i\000d\000\040\000P\000o\000o\000l\000i\000n\000g\000\040\000\050\000A\000S\000P\000P\000\051}{subsection.37}% 29
\BOOKMARK [3][-]{subsubsection.44}{\376\377\000A\000t\000r\000o\000u\000s\000\040\000C\000o\000n\000v\000o\000l\000u\000t\000i\000o\000n}{subsection.37}% 30
\BOOKMARK [2][-]{subsection.45}{\376\377\000C\000o\000n\000c\000l\000u\000s\000i\000o\000n}{section.31}% 31
\BOOKMARK [0][-]{chapter.46}{\376\377\000L\000i\000t\000t\000e\000r\000a\000t\000u\000r\000e\000\040\000R\000e\000v\000i\000e\000w}{}% 32
\BOOKMARK [1][-]{section.47}{\376\377\000D\000e\000e\000p\000\040\000L\000e\000a\000r\000n\000i\000n\000g\000-\000b\000a\000s\000e\000d\000\040\000S\000e\000m\000a\000n\000t\000i\000c\000\040\000S\000e\000g\000m\000e\000n\000t\000a\000t\000i\000o\000n}{chapter.46}% 33
\BOOKMARK [2][-]{subsection.48}{\376\377\000I\000n\000t\000r\000o\000d\000u\000c\000t\000i\000o\000n}{section.47}% 34
\BOOKMARK [2][-]{subsection.49}{\376\377\000M\000a\000j\000o\000r\000\040\000b\000a\000c\000k\000b\000o\000n\000e\000s\000\040\000a\000n\000d\000\040\000n\000e\000t\000w\000o\000r\000k\000s\000:\000\040\000a\000\040\000c\000o\000m\000p\000a\000r\000a\000t\000i\000v\000e\000\040\000e\000v\000a\000l\000u\000a\000t\000i\000o\000n}{section.47}% 35
\BOOKMARK [2][-]{subsection.52}{\376\377\000V\000G\000G}{section.47}% 36
\BOOKMARK [3][-]{subsubsection.54}{\376\377\000F\000C\000N}{subsection.52}% 37
\BOOKMARK [3][-]{subsubsection.55}{\376\377\000S\000e\000g\000N\000e\000t}{subsection.52}% 38
\BOOKMARK [3][-]{subsubsection.56}{\376\377\000D\000i\000l\000a\000t\000e\000d\000N\000e\000t}{subsection.52}% 39
\BOOKMARK [2][-]{subsection.57}{\376\377\000R\000e\000s\000N\000e\000t}{section.47}% 40
\BOOKMARK [3][-]{subsubsection.59}{\376\377\000P\000S\000P\000N\000E\000T}{subsection.57}% 41
\BOOKMARK [3][-]{subsubsection.60}{\376\377\000D\000e\000e\000p\000L\000a\000b}{subsection.57}% 42
\BOOKMARK [2][-]{subsection.61}{\376\377\000C\000o\000n\000c\000l\000u\000s\000i\000o\000n\000\040\000a\000n\000d\000\040\000d\000i\000s\000c\000u\000s\000s\000i\000o\000n}{section.47}% 43
\BOOKMARK [1][-]{section.62}{\376\377\000D\000e\000p\000t\000h\000\040\000E\000s\000t\000i\000m\000a\000t\000i\000o\000n}{chapter.46}% 44
\BOOKMARK [2][-]{subsection.63}{\376\377\000L\000a\000s\000e\000r\000-\000b\000a\000s\000e\000d\000\040\000i\000m\000a\000g\000i\000n\000g}{section.62}% 45
\BOOKMARK [2][-]{subsection.67}{\376\377\000M\000u\000l\000t\000i\000-\000i\000m\000a\000g\000e\000\040\000m\000e\000t\000h\000o\000d\000s}{section.62}% 46
\BOOKMARK [3][-]{subsubsection.68}{\376\377\000M\000u\000l\000t\000i\000p\000l\000e\000\040\000c\000a\000m\000e\000r\000a\000\040\000s\000y\000s\000t\000e\000m\000s}{subsection.67}% 47
\BOOKMARK [3][-]{subsubsection.73}{\376\377\000S\000i\000n\000g\000l\000e\000\040\000c\000a\000m\000e\000r\000a\000\040\000s\000y\000s\000t\000e\000m\000s}{subsection.67}% 48
\BOOKMARK [2][-]{subsection.76}{\376\377\000L\000e\000a\000r\000n\000i\000n\000g\000-\000b\000a\000s\000e\000d\000\040\000m\000o\000n\000o\000c\000u\000l\000a\000r\000\040\000d\000e\000p\000t\000h\000\040\000e\000s\000t\000i\000m\000a\000t\000i\000o\000n}{section.62}% 49
\BOOKMARK [3][-]{subsubsection.77}{\376\377\000\050\000S\000e\000m\000i\000-\000\051\000s\000u\000p\000e\000r\000v\000i\000s\000e\000d\000\040\000l\000e\000a\000r\000n\000i\000n\000g}{subsection.76}% 50
\BOOKMARK [3][-]{subsubsection.81}{\376\377\000S\000e\000l\000f\000-\000s\000u\000p\000e\000r\000v\000i\000s\000e\000d\000\040\000l\000e\000a\000r\000n\000i\000n\000g}{subsection.76}% 51
\BOOKMARK [0][-]{chapter.96}{\376\377\000D\000e\000e\000p\000\040\000P\000o\000l\000a\000r\000i\000z\000a\000t\000i\000o\000n\000-\000B\000a\000s\000e\000d\000\040\000S\000e\000m\000a\000n\000t\000i\000c\000\040\000S\000e\000g\000m\000e\000n\000t\000a\000t\000i\000o\000n}{}% 52
\BOOKMARK [1][-]{section.97}{\376\377\000I\000n\000t\000r\000o\000d\000u\000c\000t\000i\000o\000n}{chapter.96}% 53
\BOOKMARK [1][-]{section.98}{\376\377\000M\000o\000d\000a\000l\000i\000t\000y\000-\000r\000e\000l\000a\000t\000e\000d\000\040\000c\000o\000n\000s\000t\000r\000a\000i\000n\000t\000s}{chapter.96}% 54
\BOOKMARK [2][-]{subsection.100}{\376\377\000F\000o\000r\000m\000u\000l\000a\000t\000i\000o\000n}{section.98}% 55
\BOOKMARK [2][-]{subsection.101}{\376\377\000I\000m\000a\000g\000e\000\040\000R\000e\000p\000r\000e\000s\000e\000n\000t\000a\000t\000i\000o\000n}{section.98}% 56
\BOOKMARK [2][-]{subsection.115}{\376\377\000D\000a\000t\000a\000s\000e\000t}{section.98}% 57
\BOOKMARK [3][-]{subsubsection.117}{\376\377\000S\000y\000n\000c\000h\000r\000o\000n\000i\000z\000a\000t\000i\000o\000n}{subsection.115}% 58
\BOOKMARK [3][-]{subsubsection.120}{\376\377\000M\000u\000l\000t\000i\000m\000o\000d\000a\000l\000\040\000A\000l\000i\000g\000n\000m\000e\000n\000t}{subsection.115}% 59
\BOOKMARK [1][-]{section.129}{\376\377\000A\000u\000g\000m\000e\000n\000t\000a\000t\000i\000o\000n}{chapter.96}% 60
\BOOKMARK [2][-]{subsection.130}{\376\377\000R\000o\000t\000a\000t\000i\000o\000n}{section.129}% 61
\BOOKMARK [2][-]{subsection.136}{\376\377\000S\000y\000m\000m\000e\000t\000r\000y}{section.129}% 62
\BOOKMARK [2][-]{subsection.140}{\376\377\000F\000i\000n\000a\000l\000\040\000p\000r\000o\000c\000e\000d\000u\000r\000e}{section.129}% 63
\BOOKMARK [1][-]{section.143}{\376\377\000N\000e\000t\000w\000o\000r\000k\000\040\000a\000r\000c\000h\000i\000t\000e\000c\000t\000u\000r\000e\000s}{chapter.96}% 64
\BOOKMARK [2][-]{subsection.144}{\376\377\000S\000e\000g\000N\000e\000t}{section.143}% 65
\BOOKMARK [2][-]{subsection.147}{\376\377\000D\000e\000e\000p\000L\000a\000b\000\040\000V\0003\000+}{section.143}% 66
\BOOKMARK [1][-]{section.149}{\376\377\000E\000x\000p\000e\000r\000i\000m\000e\000n\000t\000s}{chapter.96}% 67
\BOOKMARK [2][-]{subsection.150}{\376\377\000M\000o\000d\000a\000l\000i\000t\000y\000-\000b\000a\000s\000e\000d\000\040\000C\000o\000m\000p\000a\000r\000i\000s\000o\000n}{section.149}% 68
\BOOKMARK [3][-]{subsubsection.152}{\376\377\000R\000e\000s\000u\000l\000t\000s}{subsection.150}% 69
\BOOKMARK [3][-]{subsubsection.155}{\376\377\000D\000i\000s\000c\000u\000s\000s\000i\000o\000n}{subsection.150}% 70
\BOOKMARK [2][-]{subsection.156}{\376\377\000A\000u\000g\000m\000e\000n\000t\000a\000t\000i\000o\000n\000-\000b\000a\000s\000e\000d\000\040\000C\000o\000m\000p\000a\000r\000i\000s\000o\000n}{section.149}% 71
\BOOKMARK [3][-]{subsubsection.159}{\376\377\000R\000e\000s\000u\000l\000t\000s}{subsection.156}% 72
\BOOKMARK [3][-]{subsubsection.164}{\376\377\000D\000i\000s\000c\000u\000s\000s\000i\000o\000n}{subsection.156}% 73
\BOOKMARK [1][-]{section.165}{\376\377\000S\000u\000m\000m\000a\000r\000y}{chapter.96}% 74
\BOOKMARK [0][-]{chapter.166}{\376\377\000D\000e\000e\000p\000\040\000P\000o\000l\000a\000r\000i\000z\000a\000t\000i\000o\000n\000-\000B\000a\000s\000e\000d\000\040\000M\000o\000n\000o\000c\000u\000l\000a\000r\000\040\000D\000e\000p\000t\000h\000\040\000E\000s\000t\000i\000m\000a\000t\000i\000o\000n}{}% 75
\BOOKMARK [1][-]{section.167}{\376\377\000I\000n\000t\000r\000o\000d\000u\000c\000t\000i\000o\000n}{chapter.166}% 76
\BOOKMARK [1][-]{section.168}{\376\377\000D\000e\000p\000t\000h\000-\000t\000o\000-\000p\000o\000l\000a\000r\000i\000z\000a\000t\000i\000o\000n\000\040\000i\000n\000t\000e\000r\000c\000o\000n\000n\000e\000c\000t\000i\000o\000n\000s}{chapter.166}% 77
\BOOKMARK [2][-]{subsection.169}{\376\377\000N\000o\000r\000m\000a\000l\000s\000\040\000t\000o\000\040\000a\000n\000g\000l\000e\000\040\000o\000f\000\040\000p\000o\000l\000a\000r\000i\000z\000a\000t\000i\000o\000n}{section.168}% 78
\BOOKMARK [1][-]{section.172}{\376\377\000T\000o\000w\000a\000r\000d\000s\000\040\000a\000\040\000u\000n\000i\000f\000i\000e\000d\000\040\000p\000o\000l\000a\000r\000i\000z\000a\000t\000i\000o\000n\000-\000b\000a\000s\000e\000d\000\040\000m\000e\000t\000h\000o\000d\000\040\000f\000o\000r\000\040\000d\000e\000p\000t\000h\000\040\000e\000s\000t\000i\000m\000a\000t\000i\000o\000n}{chapter.166}% 79
\BOOKMARK [2][-]{subsection.173}{\376\377\000D\000e\000f\000i\000n\000i\000n\000g\000\040\000t\000h\000e\000\040\000l\000o\000s\000s}{section.172}% 80
\BOOKMARK [3][-]{subsubsection.174}{\376\377\000P\000r\000i\000o\000r\000\040\000p\000o\000l\000a\000r\000i\000m\000e\000t\000r\000i\000c\000\040\000r\000e\000c\000o\000n\000s\000t\000r\000u\000c\000t\000i\000o\000n\000\040\000e\000r\000r\000o\000r}{subsection.173}% 81
\BOOKMARK [3][-]{subsubsection.175}{\376\377\000C\000o\000n\000s\000t\000r\000a\000i\000n\000i\000n\000g\000\040\000t\000h\000e\000\040\000l\000o\000s\000s}{subsection.173}% 82
\BOOKMARK [2][-]{subsection.188}{\376\377\000N\000e\000t\000w\000o\000r\000k\000\040\000a\000r\000c\000h\000i\000t\000e\000c\000t\000u\000r\000e}{section.172}% 83
\BOOKMARK [2][-]{subsection.190}{\376\377\000E\000x\000p\000e\000r\000i\000m\000e\000n\000t\000s}{section.172}% 84
\BOOKMARK [3][-]{subsubsection.191}{\376\377\000I\000m\000p\000l\000e\000m\000e\000n\000t\000a\000t\000i\000o\000n\000\040\000d\000e\000t\000a\000i\000l\000s}{subsection.190}% 85
\BOOKMARK [3][-]{subsubsection.194}{\376\377\000R\000e\000s\000u\000l\000t\000s\000\040\000a\000n\000d\000\040\000d\000i\000s\000c\000u\000s\000s\000i\000o\000n}{subsection.190}% 86
\BOOKMARK [1][-]{section.197}{\376\377\000P\000o\000l\000a\000r\000i\000z\000a\000t\000i\000o\000n\000\040\000a\000n\000d\000\040\000c\000o\000l\000o\000r\000i\000z\000a\000t\000i\000o\000n\000\040\000f\000u\000s\000i\000o\000n\000\040\000f\000o\000r\000\040\000a\000c\000c\000u\000r\000a\000t\000e\000\040\000d\000e\000p\000t\000h\000\040\000e\000s\000t\000i\000m\000a\000t\000i\000o\000n\000:\000\040\000a\000\040\000p\000r\000o\000o\000f\000\040\000o\000f\000\040\000c\000o\000n\000c\000e\000p\000t}{chapter.166}% 87
\BOOKMARK [2][-]{subsection.199}{\376\377\000E\000s\000t\000i\000m\000a\000t\000i\000n\000g\000\040\000t\000h\000e\000\040\000a\000p\000p\000r\000o\000p\000r\000i\000a\000t\000e\000\040\000f\000u\000s\000i\000o\000n\000\040\000m\000e\000t\000h\000o\000d}{section.197}% 88
\BOOKMARK [3][-]{subsubsection.200}{\376\377\000E\000a\000r\000l\000y\000\040\000f\000u\000s\000i\000o\000n}{subsection.199}% 89
\BOOKMARK [3][-]{subsubsection.202}{\376\377\000L\000a\000t\000e\000n\000t\000\040\000s\000p\000a\000c\000e\000\040\000f\000u\000s\000i\000o\000n}{subsection.199}% 90
\BOOKMARK [3][-]{subsubsection.207}{\376\377\000L\000a\000t\000e\000\040\000f\000u\000s\000i\000o\000n}{subsection.199}% 91
\BOOKMARK [3][-]{subsubsection.213}{\376\377\000C\000a\000s\000c\000a\000d\000e\000d\000\040\000a\000p\000p\000r\000o\000a\000c\000h}{subsection.199}% 92
\BOOKMARK [2][-]{subsection.220}{\376\377\000P\000r\000i\000o\000r\000\040\000e\000x\000p\000e\000r\000i\000m\000e\000n\000t\000s}{section.197}% 93
\BOOKMARK [2][-]{subsection.225}{\376\377\000D\000i\000s\000c\000u\000s\000s\000i\000o\000n\000\040\000a\000n\000d\000\040\000c\000o\000n\000c\000l\000u\000s\000i\000o\000n}{section.197}% 94
\BOOKMARK [1][-]{section.226}{\376\377\000S\000u\000m\000m\000a\000r\000y}{chapter.166}% 95
\BOOKMARK [0][-]{chapter.227}{\376\377\000C\000o\000n\000c\000l\000u\000s\000i\000o\000n\000,\000\040\000P\000e\000r\000s\000p\000e\000c\000t\000i\000v\000e\000s\000\040\000a\000n\000d\000\040\000F\000u\000t\000u\000r\000e\000\040\000W\000o\000r\000k}{}% 96
\BOOKMARK [1][-]{section.228}{\376\377\000C\000o\000n\000c\000l\000u\000s\000i\000o\000n}{chapter.227}% 97
\BOOKMARK [1][-]{section.229}{\376\377\000P\000e\000r\000s\000p\000e\000c\000t\000i\000v\000e\000\040\000f\000o\000r\000\040\000p\000o\000l\000a\000r\000i\000z\000a\000t\000i\000o\000n\000\040\000i\000n\000\040\000m\000o\000d\000e\000r\000n\000\040\000c\000o\000m\000p\000u\000t\000e\000r\000\040\000v\000i\000s\000i\000o\000n}{chapter.227}% 98
\BOOKMARK [1][-]{section.230}{\376\377\000F\000u\000t\000u\000r\000e\000\040\000W\000o\000r\000k}{chapter.227}% 99
\BOOKMARK [0][-]{appendix.231}{\376\377\000T\000a\000b\000l\000e\000\040\000o\000f\000\040\000C\000a\000m\000e\000r\000a\000s\000\040\000C\000h\000a\000r\000a\000c\000t\000e\000r\000i\000s\000t\000i\000c\000s}{}% 100
\BOOKMARK [0][-]{appendix.233}{\376\377\000S\000e\000g\000m\000e\000n\000t\000a\000t\000i\000o\000n\000\040\000M\000e\000t\000r\000i\000c\000s}{}% 101
\BOOKMARK [0][-]{appendix.238}{\376\377\000P\0002\000D\000\040\000-\000\040\000H\000y\000p\000e\000r\000-\000p\000a\000r\000a\000m\000e\000t\000e\000r\000s\000\040\000b\000e\000n\000c\000h\000m\000a\000r\000k}{}% 102
\BOOKMARK [0][-]{appendix.240}{\376\377\000Q\000u\000a\000n\000t\000i\000t\000a\000t\000i\000v\000e\000\040\000E\000v\000a\000l\000u\000a\000t\000i\000o\000n\000\040\000-\000\040\000H\000y\000p\000e\000r\000-\000p\000a\000r\000e\000m\000e\000t\000e\000r\000s\000\040\000s\000e\000a\000r\000c\000h}{}% 103
\BOOKMARK [0][-]{appendix*.244}{\376\377\000B\000i\000b\000l\000i\000o\000g\000r\000a\000p\000h\000y}{}% 104
